Command line:
   bcd_digit_isim_beh.exe
     -simmode  gui
     -simrunnum  0
     -socket  38284

Thu Oct 06 15:57:32 2016


 Elaboration Time: 0.1875 sec

 Current Memory Usage: 864.317 Meg

 Total Signals          : 15
 Total Nets             : 20
 Total Signal Drivers   : 7
 Total Blocks           : 2
 Total Primitive Blocks : 2
 Total Processes        : 10
 Total Traceable Variables  : 20
 Total Scalar Nets and Variables : 105
Total Line Count : 28

 Total Simulation Time: 0.203125 sec

 Current Memory Usage: 864.317 Meg

Thu Oct 06 15:57:36 2016

