Command line:
   mspulse_isim_beh.exe
     -simmode  gui
     -simrunnum  0
     -socket  7430

Fri Oct 07 12:09:24 2016


 Elaboration Time: 0.15625 sec

 Current Memory Usage: 868.491 Meg

 Total Signals          : 16
 Total Nets             : 17
 Total Signal Drivers   : 6
 Total Blocks           : 2
 Total Primitive Blocks : 2
 Total Processes        : 9
 Total Traceable Variables  : 22
 Total Scalar Nets and Variables : 163
Total Line Count : 32

 Total Simulation Time: 0.15625 sec

 Current Memory Usage: 868.491 Meg

Fri Oct 07 12:09:28 2016

